<?xml version="1.0" encoding="UTF-8"?>
<!-- Generated by org.testng.reporters.JUnitXMLReporter -->
<testsuite ignored="0" hostname="Lenovo-PC" failures="0" tests="3" name="Surefire test" time="62.879" errors="0" timestamp="26 Sep 2022 18:03:23 GMT">
  <testcase classname="com.crm.testcases.ContactsPageTest" name="verifyContactsPageLabel" time="0.138"/>
  <testcase classname="com.crm.testcases.HomePageTest" name="verifyHomePageTitleTest" time="0.012"/>
  <testcase classname="com.crm.testcases.LoginPageTest" name="loginPageTitleTest" time="0.027"/>
</testsuite> <!-- Surefire test -->
