<?xml version="1.0" encoding="UTF-8"?>
<!-- Generated by org.testng.reporters.JUnitXMLReporter -->
<testsuite ignored="0" hostname="Lenovo-PC" failures="0" tests="11" name="Free CRM App Test Cases" time="249.385" errors="0" timestamp="24 Sep 2022 16:37:57 GMT">
  <testcase classname="com.crm.testcases.LoginPageTest" name="loginPageTitleTest" time="0.016"/>
  <testcase classname="com.crm.testcases.HomePageTest" name="verifyHomePageTitleTest" time="0.02"/>
  <testcase classname="com.crm.testcases.ContactsPageTest" name="verifyContactsPageLabel" time="0.191"/>
  <testcase classname="com.crm.testcases.LoginPageTest" name="loginTest" time="4.017"/>
  <testcase classname="com.crm.testcases.HomePageTest" name="verifyUserNameTest" time="1.033"/>
  <testcase classname="com.crm.testcases.ContactsPageTest" name="selectContactsTest" time="1.497"/>
  <testcase classname="com.crm.testcases.HomePageTest" name="verifyContactsLinkTest" time="1.12"/>
  <testcase classname="com.crm.testcases.ContactsPageTest" name="selectMultipleContactsTest" time="3.186"/>
  <testcase classname="com.crm.testcases.ContactsPageTest" name="validateCreateNewContacts" time="5.123"/>
  <testcase classname="com.crm.testcases.ContactsPageTest" name="validateCreateNewContacts" time="5.266"/>
  <testcase classname="com.crm.testcases.ContactsPageTest" name="validateCreateNewContacts" time="4.98"/>
</testsuite> <!-- Free CRM App Test Cases -->
