<?xml version="1.0" encoding="UTF-8"?>
<testsuite xmlns:xsi="http://www.w3.org/2001/XMLSchema-instance" xsi:noNamespaceSchemaLocation="https://maven.apache.org/surefire/maven-surefire-plugin/xsd/surefire-test-report-3.0.xsd" version="3.0" name="TestSuite" time="63.505" tests="3" errors="0" skipped="0" failures="0">
  <properties>
[...]
</properties>
  <testcase name="verifyContactsPageLabel" classname="com.crm.testcases.ContactsPageTest" time="0.121">
    <system-out><![CDATA[Before navigating to: 'https://www.freecrm.com/'
Navigated to:'https://www.freecrm.com/'
Trying to find Element By : By.xpath: //span[contains(text(),'Log In')]
Found Element By : By.xpath: //span[contains(text(),'Log In')]
Trying to click on: [[FirefoxDriver: firefox on WINDOWS (10ea887b-da10-43ca-bbff-526d3006292d)] -> xpath: //span[contains(text(),'Log In')]]
Clicked on: [[FirefoxDriver: firefox on WINDOWS (10ea887b-da10-43ca-bbff-526d3006292d)] -> xpath: //span[contains(text(),'Log In')]]
Trying to find Element By : By.name: email
Found Element By : By.name: email
Trying to find Element By : By.name: password
Found Element By : By.name: password
Trying to find Element By : By.xpath: //div[@class='ui fluid large blue submit button']
Found Element By : By.xpath: //div[@class='ui fluid large blue submit button']
Trying to click on: [[FirefoxDriver: firefox on WINDOWS (10ea887b-da10-43ca-bbff-526d3006292d)] -> xpath: //div[@class='ui fluid large blue submit button']]
Clicked on: [[FirefoxDriver: firefox on WINDOWS (10ea887b-da10-43ca-bbff-526d3006292d)] -> xpath: //div[@class='ui fluid large blue submit button']]
Trying to find Element By : By.xpath: //span[contains(text(),'Contacts')]
Found Element By : By.xpath: //span[contains(text(),'Contacts')]
Trying to click on: [[FirefoxDriver: firefox on WINDOWS (10ea887b-da10-43ca-bbff-526d3006292d)] -> xpath: //span[contains(text(),'Contacts')]]
Clicked on: [[FirefoxDriver: firefox on WINDOWS (10ea887b-da10-43ca-bbff-526d3006292d)] -> xpath: //span[contains(text(),'Contacts')]]
Trying to find Element By : By.xpath: //div[@class='ui header item mb5 light-black']
Found Element By : By.xpath: //div[@class='ui header item mb5 light-black']
]]></system-out>
    <system-err><![CDATA[1664215341778	geckodriver	INFO	Listening on 127.0.0.1:26755
1664215342291	mozrunner::runner	INFO	Running command: "C:\\Program Files\\Mozilla Firefox\\firefox.exe" "--marionette" "-no-remote" "-profile" "C:\\WINDOWS\\TEMP\\rust_mozprofilenUa6V4"
1664215343183	Marionette	INFO	Marionette enabled
1664215343207	Marionette	INFO	Listening on port 61708
Read port: 61708
1664215343855	RemoteAgent	WARN	TLS certificate errors will be ignored for this session
[GFX1-]: RcANGLE(swap chain create failed 887a0022)
[GFX1-]: Failed to connect WebRenderBridgeChild. isParent=true
[GFX1-]: Fallback WR to SW-WR + D3D11
[GFX1-]: [D3D11] create swap chain failed: 0x887a0022, 0
[GFX1-]: Failed to initialize CompositorD3D11 for SWGL: FEATURE_FAILURE_D3D11_SWAP_CHAIN
console.warn: SearchSettings: "get: No settings file exists, new profile?" (new NotFoundError("Could not open the file at C:\\WINDOWS\\TEMP\\rust_mozprofilenUa6V4\\search.json.mozlz4", (void 0)))
console.error: Region.jsm: "Error fetching region" (new Error("TIMEOUT", "resource://gre/modules/Region.jsm", 768))
console.error: Region.jsm: "Failed to fetch region" (new Error("TIMEOUT", "resource://gre/modules/Region.jsm", 420))
Sep 26, 2022 2:02:35 PM org.openqa.selenium.remote.ProtocolHandshake createSession
INFO: Detected dialect: W3C
]]></system-err>
  </testcase>
  <testcase name="verifyHomePageTitleTest" classname="com.crm.testcases.HomePageTest" time="0">
    <system-out><![CDATA[Before navigating to: 'https://www.freecrm.com/'
Navigated to:'https://www.freecrm.com/'
Trying to find Element By : By.xpath: //span[contains(text(),'Log In')]
Found Element By : By.xpath: //span[contains(text(),'Log In')]
Trying to click on: [[FirefoxDriver: firefox on WINDOWS (81031e88-fede-469b-b60d-96e3c2317d6c)] -> xpath: //span[contains(text(),'Log In')]]
Clicked on: [[FirefoxDriver: firefox on WINDOWS (81031e88-fede-469b-b60d-96e3c2317d6c)] -> xpath: //span[contains(text(),'Log In')]]
Trying to find Element By : By.name: email
Found Element By : By.name: email
Trying to find Element By : By.name: password
Found Element By : By.name: password
Trying to find Element By : By.xpath: //div[@class='ui fluid large blue submit button']
Found Element By : By.xpath: //div[@class='ui fluid large blue submit button']
Trying to click on: [[FirefoxDriver: firefox on WINDOWS (81031e88-fede-469b-b60d-96e3c2317d6c)] -> xpath: //div[@class='ui fluid large blue submit button']]
Clicked on: [[FirefoxDriver: firefox on WINDOWS (81031e88-fede-469b-b60d-96e3c2317d6c)] -> xpath: //div[@class='ui fluid large blue submit button']]
]]></system-out>
    <system-err><![CDATA[1664215365888	Marionette	INFO	Stopped listening on port 61708
1664215369684	geckodriver	INFO	Listening on 127.0.0.1:3170
1664215370186	mozrunner::runner	INFO	Running command: "C:\\Program Files\\Mozilla Firefox\\firefox.exe" "--marionette" "-no-remote" "-profile" "C:\\WINDOWS\\TEMP\\rust_mozprofileEQPSBA"
1664215370638	Marionette	INFO	Marionette enabled
1664215370646	Marionette	INFO	Listening on port 57343
Read port: 57343
1664215370762	RemoteAgent	WARN	TLS certificate errors will be ignored for this session
[GFX1-]: RcANGLE(swap chain create failed 887a0022)
[GFX1-]: Failed to connect WebRenderBridgeChild. isParent=true
[GFX1-]: Fallback WR to SW-WR + D3D11
[GFX1-]: [D3D11] create swap chain failed: 0x887a0022, 0
[GFX1-]: Failed to initialize CompositorD3D11 for SWGL: FEATURE_FAILURE_D3D11_SWAP_CHAIN
console.warn: SearchSettings: "get: No settings file exists, new profile?" (new NotFoundError("Could not open the file at C:\\WINDOWS\\TEMP\\rust_mozprofileEQPSBA\\search.json.mozlz4", (void 0)))
Sep 26, 2022 2:02:55 PM org.openqa.selenium.remote.ProtocolHandshake createSession
INFO: Detected dialect: W3C
]]></system-err>
  </testcase>
  <testcase name="loginPageTitleTest" classname="com.crm.testcases.LoginPageTest" time="0">
    <system-out><![CDATA[Before navigating to: 'https://www.freecrm.com/'
Navigated to:'https://www.freecrm.com/'
]]></system-out>
    <system-err><![CDATA[1664215383569	Marionette	INFO	Stopped listening on port 57343
1664215387023	geckodriver	INFO	Listening on 127.0.0.1:26975
1664215387516	mozrunner::runner	INFO	Running command: "C:\\Program Files\\Mozilla Firefox\\firefox.exe" "--marionette" "-no-remote" "-profile" "C:\\WINDOWS\\TEMP\\rust_mozprofile3lvf8c"
1664215388076	Marionette	INFO	Marionette enabled
1664215388084	Marionette	INFO	Listening on port 57416
Read port: 57416
1664215388200	RemoteAgent	WARN	TLS certificate errors will be ignored for this session
[GFX1-]: RcANGLE(swap chain create failed 887a0022)
[GFX1-]: Failed to connect WebRenderBridgeChild. isParent=true
[GFX1-]: Fallback WR to SW-WR + D3D11
[GFX1-]: [D3D11] create swap chain failed: 0x887a0022, 0
[GFX1-]: Failed to initialize CompositorD3D11 for SWGL: FEATURE_FAILURE_D3D11_SWAP_CHAIN
console.warn: SearchSettings: "get: No settings file exists, new profile?" (new NotFoundError("Could not open the file at C:\\WINDOWS\\TEMP\\rust_mozprofile3lvf8c\\search.json.mozlz4", (void 0)))
Sep 26, 2022 2:03:12 PM org.openqa.selenium.remote.ProtocolHandshake createSession
INFO: Detected dialect: W3C
]]></system-err>
  </testcase>
</testsuite>